c:\users\rahul\documents\opendental\direct2dwrapper\debug\direct2dwrapper.pch
c:\users\rahul\documents\opendental\direct2dwrapper\debug\vc143.pdb
c:\users\rahul\documents\opendental\direct2dwrapper\debug\vc143.idb
c:\users\rahul\documents\opendental\direct2dwrapper\debug\pch.obj
c:\users\rahul\documents\opendental\direct2dwrapper\debug\dllmain.obj
c:\users\rahul\documents\opendental\direct2dwrapper\debug\direct2dwrapper.obj
c:\users\rahul\documents\opendental\direct2dwrapper\debug\d2dwrapperhwnd.obj
c:\users\rahul\documents\opendental\direct2dwrapper\debug\direct2dwrapper.ilk
c:\users\rahul\documents\opendental\direct2dwrapper\bin\direct2dwrapper.dll
c:\users\rahul\documents\opendental\direct2dwrapper\bin\direct2dwrapper.pdb
c:\users\rahul\documents\opendental\direct2dwrapper\bin\direct2dwrapper.lib
c:\users\rahul\documents\opendental\direct2dwrapper\bin\direct2dwrapper.exp
c:\users\rahul\documents\opendental\direct2dwrapper\debug\xdirect2dwrapper.res
c:\users\rahul\documents\opendental\direct2dwrapper\debug\xdirect2dwrapper.tlog\cl.command.1.tlog
c:\users\rahul\documents\opendental\direct2dwrapper\debug\xdirect2dwrapper.tlog\cl.items.tlog
c:\users\rahul\documents\opendental\direct2dwrapper\debug\xdirect2dwrapper.tlog\cl.read.1.tlog
c:\users\rahul\documents\opendental\direct2dwrapper\debug\xdirect2dwrapper.tlog\cl.write.1.tlog
c:\users\rahul\documents\opendental\direct2dwrapper\debug\xdirect2dwrapper.tlog\link.command.1.tlog
c:\users\rahul\documents\opendental\direct2dwrapper\debug\xdirect2dwrapper.tlog\link.read.1.tlog
c:\users\rahul\documents\opendental\direct2dwrapper\debug\xdirect2dwrapper.tlog\link.write.1.tlog
c:\users\rahul\documents\opendental\direct2dwrapper\debug\xdirect2dwrapper.tlog\link.write.2u.tlog
c:\users\rahul\documents\opendental\direct2dwrapper\debug\xdirect2dwrapper.tlog\rc.command.1.tlog
c:\users\rahul\documents\opendental\direct2dwrapper\debug\xdirect2dwrapper.tlog\rc.read.1.tlog
c:\users\rahul\documents\opendental\direct2dwrapper\debug\xdirect2dwrapper.tlog\rc.write.1.tlog
